app/build/outputs/logs/manifest-merger-debug-report.txt
-- Merging decision tree log ---
manifest
ADDED from src/main/AndroidManifest.xml:2:1-58:12
	package
		ADDED from src/main/AndroidManifest.xml:3:5-40
		INJECTED from src/main/AndroidManifest.xml
		INJECTED from src/main/AndroidManifest.xml
	android:versionName
		ADDED from src/main/AndroidManifest.xml:5:5-32
		INJECTED from src/main/AndroidManifest.xml
		INJECTED from src/main/AndroidManifest.xml
	android:versionCode
		ADDED from src/main/AndroidManifest.xml:4:5-28
		INJECTED from src/main/AndroidManifest.xml
		INJECTED from src/main/AndroidManifest.xml
	xmlns:android
		ADDED from src/main/AndroidManifest.xml:2:11-69
uses-sdk
ADDED from src/main/AndroidManifest.xml:7:5-9:41
MERGED from [android-3D-model-viewer-master:slam_mahonyahrs:unspecified] AndroidManifest.xml:7:5-9:41
	android:targetSdkVersion
		ADDED from src/main/AndroidManifest.xml:9:9-38
		INJECTED from src/main/AndroidManifest.xml
		INJECTED from src/main/AndroidManifest.xml
	android:minSdkVersion
		ADDED from src/main/AndroidManifest.xml:8:9-34
		INJECTED from src/main/AndroidManifest.xml
		INJECTED from src/main/AndroidManifest.xml
uses-permission#android.permission.CAMERA
ADDED from src/main/AndroidManifest.xml:11:5-64
	android:name
		ADDED from src/main/AndroidManifest.xml:11:22-62
uses-permission#android.permission.READ_EXTERNAL_STORAGE
ADDED from src/main/AndroidManifest.xml:12:5-80
	android:name
		ADDED from src/main/AndroidManifest.xml:12:22-77
uses-permission#android.permission.WRITE_EXTERNAL_STORAGE
ADDED from src/main/AndroidManifest.xml:13:5-80
	android:name
		ADDED from src/main/AndroidManifest.xml:13:22-78
uses-feature#0x00020000
ADDED from src/main/AndroidManifest.xml:15:5-17:35
	android:glEsVersion
		ADDED from src/main/AndroidManifest.xml:16:9-41
	android:required
		ADDED from src/main/AndroidManifest.xml:17:9-32
uses-feature#android.hardware.camera
ADDED from src/main/AndroidManifest.xml:18:5-59
	android:name
		ADDED from src/main/AndroidManifest.xml:18:19-57
application
ADDED from src/main/AndroidManifest.xml:20:5-56:19
MERGED from [android-3D-model-viewer-master:slam_mahonyahrs:unspecified] AndroidManifest.xml:11:5-15:19
	android:label
		ADDED from src/main/AndroidManifest.xml:23:9-41
	android:supportsRtl
		ADDED from [android-3D-model-viewer-master:slam_mahonyahrs:unspecified] AndroidManifest.xml:14:9-35
	android:allowBackup
		ADDED from src/main/AndroidManifest.xml:21:9-35
	android:icon
		ADDED from src/main/AndroidManifest.xml:22:9-54
	android:theme
		ADDED from src/main/AndroidManifest.xml:24:9-40
activity#org.andresoviedo.app.model3D.MainActivity
ADDED from src/main/AndroidManifest.xml:25:9-33:20
	android:label
		ADDED from src/main/AndroidManifest.xml:27:13-45
	android:name
		ADDED from src/main/AndroidManifest.xml:26:13-69
intent-filter#android.intent.action.MAIN+android.intent.category.LAUNCHER
ADDED from src/main/AndroidManifest.xml:28:13-32:29
action#android.intent.action.MAIN
ADDED from src/main/AndroidManifest.xml:29:17-69
	android:name
		ADDED from src/main/AndroidManifest.xml:29:25-66
category#android.intent.category.LAUNCHER
ADDED from src/main/AndroidManifest.xml:31:17-77
	android:name
		ADDED from src/main/AndroidManifest.xml:31:27-74
activity#org.andresoviedo.app.model3D.view.MenuActivity
ADDED from src/main/AndroidManifest.xml:34:9-38:20
	android:label
		ADDED from src/main/AndroidManifest.xml:36:13-56
	android:parentActivityName
		ADDED from src/main/AndroidManifest.xml:37:13-83
	android:name
		ADDED from src/main/AndroidManifest.xml:35:13-74
activity#org.andresoviedo.app.model3D.view.DemoActivity
ADDED from src/main/AndroidManifest.xml:39:9-43:20
	android:label
		ADDED from src/main/AndroidManifest.xml:41:13-56
	android:parentActivityName
		ADDED from src/main/AndroidManifest.xml:42:13-83
	android:name
		ADDED from src/main/AndroidManifest.xml:40:13-74
activity#org.andresoviedo.app.util.view.TextActivity
ADDED from src/main/AndroidManifest.xml:44:9-48:20
	android:label
		ADDED from src/main/AndroidManifest.xml:46:13-56
	android:parentActivityName
		ADDED from src/main/AndroidManifest.xml:47:13-83
	android:name
		ADDED from src/main/AndroidManifest.xml:45:13-71
activity#org.andresoviedo.app.model3D.view.ModelActivity
ADDED from src/main/AndroidManifest.xml:49:9-55:20
	android:label
		ADDED from src/main/AndroidManifest.xml:51:13-57
	android:parentActivityName
		ADDED from src/main/AndroidManifest.xml:52:13-83
	android:name
		ADDED from src/main/AndroidManifest.xml:50:13-75